d:\documents\oop code\oldmaidgit\x64\debug\vc143.pdb
d:\documents\oop code\oldmaidgit\x64\debug\vc143.idb
d:\documents\oop code\oldmaidgit\x64\debug\shuffler.obj
d:\documents\oop code\oldmaidgit\x64\debug\rightpicker.obj
d:\documents\oop code\oldmaidgit\x64\debug\random.obj
d:\documents\oop code\oldmaidgit\x64\debug\player.obj
d:\documents\oop code\oldmaidgit\x64\debug\leftpicker.obj
d:\documents\oop code\oldmaidgit\x64\debug\deck.obj
d:\documents\oop code\oldmaidgit\x64\debug\card.obj
d:\documents\oop code\oldmaidgit\x64\debug\driver.obj
d:\documents\oop code\oldmaidgit\x64\debug\game.obj
d:\documents\oop code\oldmaidgit\x64\debug\statisticskeeper.obj
d:\documents\oop code\oldmaidgit\x64\debug\cardgamesimulator.obj
d:\documents\oop code\oldmaidgit\x64\debug\oldmaidproj.exe
d:\documents\oop code\oldmaidgit\x64\debug\oldmaidproj.ilk
d:\documents\oop code\oldmaidgit\x64\debug\oldmaidproj.pdb
d:\documents\oop code\oldmaidgit\x64\debug\oldmaidproj.tlog\cl.command.1.tlog
d:\documents\oop code\oldmaidgit\x64\debug\oldmaidproj.tlog\cl.read.1.tlog
d:\documents\oop code\oldmaidgit\x64\debug\oldmaidproj.tlog\cl.write.1.tlog
d:\documents\oop code\oldmaidgit\x64\debug\oldmaidproj.tlog\link.command.1.tlog
d:\documents\oop code\oldmaidgit\x64\debug\oldmaidproj.tlog\link.read.1.tlog
d:\documents\oop code\oldmaidgit\x64\debug\oldmaidproj.tlog\link.write.1.tlog
